Collecting poetry==1.5.1
  Downloading poetry-1.5.1-py3-none-any.whl (225 kB)
     ━━━━━━━━━━━━━━━━━━━━━━━━━━━━━━━━━━━━━━━ 225.2/225.2 kB 1.1 MB/s eta 0:00:00
Collecting build<0.11.0,>=0.10.0 (from poetry==1.5.1)
  Downloading build-0.10.0-py3-none-any.whl (17 kB)
Collecting cachecontrol[filecache]<0.13.0,>=0.12.9 (from poetry==1.5.1)
  Downloading CacheControl-0.12.14-py2.py3-none-any.whl (21 kB)
Collecting cleo<3.0.0,>=2.0.0 (from poetry==1.5.1)
  Downloading cleo-2.0.1-py3-none-any.whl (77 kB)
     ━━━━━━━━━━━━━━━━━━━━━━━━━━━━━━━━━━━━━━━ 77.3/77.3 kB 856.6 kB/s eta 0:00:00
Collecting crashtest<0.5.0,>=0.4.1 (from poetry==1.5.1)
  Downloading crashtest-0.4.1-py3-none-any.whl (7.6 kB)
Collecting dulwich<0.22.0,>=0.21.2 (from poetry==1.5.1)
  Downloading dulwich-0.21.5-cp39-cp39-manylinux_2_17_aarch64.manylinux2014_aarch64.whl (511 kB)
     ━━━━━━━━━━━━━━━━━━━━━━━━━━━━━━━━━━━━━ 511.5/511.5 kB 705.1 kB/s eta 0:00:00
Collecting filelock<4.0.0,>=3.8.0 (from poetry==1.5.1)
  Downloading filelock-3.12.2-py3-none-any.whl (10 kB)
Collecting html5lib<2.0,>=1.0 (from poetry==1.5.1)
  Downloading html5lib-1.1-py2.py3-none-any.whl (112 kB)
     ━━━━━━━━━━━━━━━━━━━━━━━━━━━━━━━━━━━━━ 112.2/112.2 kB 545.6 kB/s eta 0:00:00
Collecting importlib-metadata>=4.4 (from poetry==1.5.1)
  Downloading importlib_metadata-6.8.0-py3-none-any.whl (22 kB)
Collecting installer<0.8.0,>=0.7.0 (from poetry==1.5.1)
  Downloading installer-0.7.0-py3-none-any.whl (453 kB)
     ━━━━━━━━━━━━━━━━━━━━━━━━━━━━━━━━━━━━━ 453.8/453.8 kB 658.8 kB/s eta 0:00:00
Collecting jsonschema<5.0.0,>=4.10.0 (from poetry==1.5.1)
  Downloading jsonschema-4.18.0-py3-none-any.whl (81 kB)
     ━━━━━━━━━━━━━━━━━━━━━━━━━━━━━━━━━━━━━━━ 81.5/81.5 kB 988.1 kB/s eta 0:00:00
Collecting keyring<24.0.0,>=23.9.0 (from poetry==1.5.1)
  Downloading keyring-23.13.1-py3-none-any.whl (37 kB)
Collecting lockfile<0.13.0,>=0.12.2 (from poetry==1.5.1)
  Downloading lockfile-0.12.2-py2.py3-none-any.whl (13 kB)
Collecting packaging>=20.4 (from poetry==1.5.1)
  Downloading packaging-23.1-py3-none-any.whl (48 kB)
     ━━━━━━━━━━━━━━━━━━━━━━━━━━━━━━━━━━━━━━━ 48.9/48.9 kB 433.6 kB/s eta 0:00:00
Collecting pexpect<5.0.0,>=4.7.0 (from poetry==1.5.1)
  Downloading pexpect-4.8.0-py2.py3-none-any.whl (59 kB)
     ━━━━━━━━━━━━━━━━━━━━━━━━━━━━━━━━━━━━━━━ 59.0/59.0 kB 348.2 kB/s eta 0:00:00
Collecting pkginfo<2.0.0,>=1.9.4 (from poetry==1.5.1)
  Downloading pkginfo-1.9.6-py3-none-any.whl (30 kB)
Collecting platformdirs<4.0.0,>=3.0.0 (from poetry==1.5.1)
  Downloading platformdirs-3.8.1-py3-none-any.whl (16 kB)
Collecting poetry-core==1.6.1 (from poetry==1.5.1)
  Downloading poetry_core-1.6.1-py3-none-any.whl (450 kB)
     ━━━━━━━━━━━━━━━━━━━━━━━━━━━━━━━━━━━━━ 450.5/450.5 kB 781.8 kB/s eta 0:00:00
Collecting poetry-plugin-export<2.0.0,>=1.4.0 (from poetry==1.5.1)
  Downloading poetry_plugin_export-1.4.0-py3-none-any.whl (10 kB)
Collecting pyproject-hooks<2.0.0,>=1.0.0 (from poetry==1.5.1)
  Downloading pyproject_hooks-1.0.0-py3-none-any.whl (9.3 kB)
Collecting requests<3.0,>=2.18 (from poetry==1.5.1)
  Downloading requests-2.31.0-py3-none-any.whl (62 kB)
     ━━━━━━━━━━━━━━━━━━━━━━━━━━━━━━━━━━━━━━━ 62.6/62.6 kB 387.3 kB/s eta 0:00:00
Collecting requests-toolbelt<2,>=0.9.1 (from poetry==1.5.1)
  Downloading requests_toolbelt-1.0.0-py2.py3-none-any.whl (54 kB)
     ━━━━━━━━━━━━━━━━━━━━━━━━━━━━━━━━━━━━━━━ 54.5/54.5 kB 546.5 kB/s eta 0:00:00
Collecting shellingham<2.0,>=1.5 (from poetry==1.5.1)
  Downloading shellingham-1.5.0.post1-py2.py3-none-any.whl (9.4 kB)
Collecting tomli<3.0.0,>=2.0.1 (from poetry==1.5.1)
  Downloading tomli-2.0.1-py3-none-any.whl (12 kB)
Collecting tomlkit<1.0.0,>=0.11.4 (from poetry==1.5.1)
  Downloading tomlkit-0.11.8-py3-none-any.whl (35 kB)
Collecting trove-classifiers>=2022.5.19 (from poetry==1.5.1)
  Downloading trove_classifiers-2023.7.6-py3-none-any.whl (13 kB)
Collecting urllib3<2.0.0,>=1.26.0 (from poetry==1.5.1)
  WARNING: Retrying (Retry(total=4, connect=None, read=None, redirect=None, status=None)) after connection broken by 'ReadTimeoutError("HTTPSConnectionPool(host='files.pythonhosted.org', port=443): Read timed out. (read timeout=15)")': /packages/c5/05/c214b32d21c0b465506f95c4f28ccbcba15022e000b043b72b3df7728471/urllib3-1.26.16-py2.py3-none-any.whl
  WARNING: Retrying (Retry(total=3, connect=None, read=None, redirect=None, status=None)) after connection broken by 'NewConnectionError('<pip._vendor.urllib3.connection.HTTPSConnection object at 0xffffbabec370>: Failed to establish a new connection: [Errno -3] Temporary failure in name resolution')': /packages/c5/05/c214b32d21c0b465506f95c4f28ccbcba15022e000b043b72b3df7728471/urllib3-1.26.16-py2.py3-none-any.whl
  WARNING: Retrying (Retry(total=2, connect=None, read=None, redirect=None, status=None)) after connection broken by 'NewConnectionError('<pip._vendor.urllib3.connection.HTTPSConnection object at 0xffffbabec520>: Failed to establish a new connection: [Errno -3] Temporary failure in name resolution')': /packages/c5/05/c214b32d21c0b465506f95c4f28ccbcba15022e000b043b72b3df7728471/urllib3-1.26.16-py2.py3-none-any.whl
  WARNING: Retrying (Retry(total=1, connect=None, read=None, redirect=None, status=None)) after connection broken by 'NewConnectionError('<pip._vendor.urllib3.connection.HTTPSConnection object at 0xffffbabec6d0>: Failed to establish a new connection: [Errno -3] Temporary failure in name resolution')': /packages/c5/05/c214b32d21c0b465506f95c4f28ccbcba15022e000b043b72b3df7728471/urllib3-1.26.16-py2.py3-none-any.whl
  WARNING: Retrying (Retry(total=0, connect=None, read=None, redirect=None, status=None)) after connection broken by 'NewConnectionError('<pip._vendor.urllib3.connection.HTTPSConnection object at 0xffffbabec880>: Failed to establish a new connection: [Errno -3] Temporary failure in name resolution')': /packages/c5/05/c214b32d21c0b465506f95c4f28ccbcba15022e000b043b72b3df7728471/urllib3-1.26.16-py2.py3-none-any.whl
ERROR: Could not install packages due to an OSError: HTTPSConnectionPool(host='files.pythonhosted.org', port=443): Max retries exceeded with url: /packages/c5/05/c214b32d21c0b465506f95c4f28ccbcba15022e000b043b72b3df7728471/urllib3-1.26.16-py2.py3-none-any.whl (Caused by NewConnectionError('<pip._vendor.urllib3.connection.HTTPSConnection object at 0xffffbabeca30>: Failed to establish a new connection: [Errno -3] Temporary failure in name resolution'))


Traceback:

  File "<stdin>", line 923, in main
  File "<stdin>", line 560, in run
  File "<stdin>", line 582, in install
  File "<stdin>", line 685, in install_poetry
  File "<stdin>", line 375, in pip
  File "<stdin>", line 372, in python
  File "<stdin>", line 365, in run
